<?xml version="1.0" encoding="UTF-8"?>
<testng-results ignored="0" total="7" passed="7" failed="0" skipped="0">
  <reporter-output>
  </reporter-output>
  <suite started-at="2025-08-26T20:58:40 IST" name="testSuite_AlertPage" finished-at="2025-08-26T20:58:44 IST" duration-ms="4637">
    <groups>
    </groups>
    <test started-at="2025-08-26T20:58:40 IST" name="test_AlertPage" finished-at="2025-08-26T20:58:44 IST" duration-ms="4637">
      <class name="com.siva.leafGround.Tests.AlertPageTest">
        <test-method is-config="true" signature="navigateToAlertPage()[pri:0, instance:com.siva.leafGround.Tests.AlertPageTest@4082ba93]" started-at="2025-08-26T20:58:40 IST" name="navigateToAlertPage" finished-at="2025-08-26T20:58:43 IST" duration-ms="3364" status="PASS">
          <reporter-output>
          </reporter-output>
        </test-method> <!-- navigateToAlertPage -->
        <test-method is-config="true" signature="initElements()[pri:0, instance:com.siva.leafGround.Tests.AlertPageTest@4082ba93]" started-at="2025-08-26T20:58:43 IST" name="initElements" finished-at="2025-08-26T20:58:43 IST" duration-ms="23" status="PASS">
          <reporter-output>
          </reporter-output>
        </test-method> <!-- initElements -->
        <test-method signature="testCase01_1_alertSimpleDialog()[pri:0, instance:com.siva.leafGround.Tests.AlertPageTest@4082ba93]" started-at="2025-08-26T20:58:43 IST" name="testCase01_1_alertSimpleDialog" finished-at="2025-08-26T20:58:43 IST" duration-ms="120" status="PASS">
          <reporter-output>
          </reporter-output>
        </test-method> <!-- testCase01_1_alertSimpleDialog -->
        <test-method is-config="true" signature="initElements()[pri:0, instance:com.siva.leafGround.Tests.AlertPageTest@4082ba93]" started-at="2025-08-26T20:58:43 IST" name="initElements" finished-at="2025-08-26T20:58:43 IST" duration-ms="2" status="PASS">
          <reporter-output>
          </reporter-output>
        </test-method> <!-- initElements -->
        <test-method signature="testCase01_2_alertSimpleDialog()[pri:1, instance:com.siva.leafGround.Tests.AlertPageTest@4082ba93]" started-at="2025-08-26T20:58:43 IST" name="testCase01_2_alertSimpleDialog" finished-at="2025-08-26T20:58:43 IST" duration-ms="98" status="PASS">
          <reporter-output>
          </reporter-output>
        </test-method> <!-- testCase01_2_alertSimpleDialog -->
        <test-method is-config="true" signature="initElements()[pri:0, instance:com.siva.leafGround.Tests.AlertPageTest@4082ba93]" started-at="2025-08-26T20:58:43 IST" name="initElements" finished-at="2025-08-26T20:58:43 IST" duration-ms="1" status="PASS">
          <reporter-output>
          </reporter-output>
        </test-method> <!-- initElements -->
        <test-method signature="testCase01_3_alertSimpleDialog()[pri:2, instance:com.siva.leafGround.Tests.AlertPageTest@4082ba93]" started-at="2025-08-26T20:58:43 IST" name="testCase01_3_alertSimpleDialog" finished-at="2025-08-26T20:58:43 IST" duration-ms="76" status="PASS">
          <reporter-output>
          </reporter-output>
        </test-method> <!-- testCase01_3_alertSimpleDialog -->
        <test-method is-config="true" signature="initElements()[pri:0, instance:com.siva.leafGround.Tests.AlertPageTest@4082ba93]" started-at="2025-08-26T20:58:43 IST" name="initElements" finished-at="2025-08-26T20:58:43 IST" duration-ms="2" status="PASS">
          <reporter-output>
          </reporter-output>
        </test-method> <!-- initElements -->
        <test-method signature="testCase02_1_alertPromptDialog()[pri:3, instance:com.siva.leafGround.Tests.AlertPageTest@4082ba93]" started-at="2025-08-26T20:58:43 IST" name="testCase02_1_alertPromptDialog" finished-at="2025-08-26T20:58:44 IST" duration-ms="103" status="PASS">
          <reporter-output>
          </reporter-output>
        </test-method> <!-- testCase02_1_alertPromptDialog -->
        <test-method is-config="true" signature="initElements()[pri:0, instance:com.siva.leafGround.Tests.AlertPageTest@4082ba93]" started-at="2025-08-26T20:58:44 IST" name="initElements" finished-at="2025-08-26T20:58:44 IST" duration-ms="1" status="PASS">
          <reporter-output>
          </reporter-output>
        </test-method> <!-- initElements -->
        <test-method signature="testCase02_2_alertPromptDialog()[pri:4, instance:com.siva.leafGround.Tests.AlertPageTest@4082ba93]" started-at="2025-08-26T20:58:44 IST" name="testCase02_2_alertPromptDialog" finished-at="2025-08-26T20:58:44 IST" duration-ms="124" status="PASS">
          <reporter-output>
          </reporter-output>
        </test-method> <!-- testCase02_2_alertPromptDialog -->
        <test-method is-config="true" signature="initElements()[pri:0, instance:com.siva.leafGround.Tests.AlertPageTest@4082ba93]" started-at="2025-08-26T20:58:44 IST" name="initElements" finished-at="2025-08-26T20:58:44 IST" duration-ms="1" status="PASS">
          <reporter-output>
          </reporter-output>
        </test-method> <!-- initElements -->
        <test-method signature="testCase03_1_alertConfirmationDialog()[pri:5, instance:com.siva.leafGround.Tests.AlertPageTest@4082ba93]" started-at="2025-08-26T20:58:44 IST" name="testCase03_1_alertConfirmationDialog" finished-at="2025-08-26T20:58:44 IST" duration-ms="89" status="PASS">
          <reporter-output>
          </reporter-output>
        </test-method> <!-- testCase03_1_alertConfirmationDialog -->
        <test-method is-config="true" signature="initElements()[pri:0, instance:com.siva.leafGround.Tests.AlertPageTest@4082ba93]" started-at="2025-08-26T20:58:44 IST" name="initElements" finished-at="2025-08-26T20:58:44 IST" duration-ms="1" status="PASS">
          <reporter-output>
          </reporter-output>
        </test-method> <!-- initElements -->
        <test-method signature="testCase03_2_alertConfirmationDialog()[pri:6, instance:com.siva.leafGround.Tests.AlertPageTest@4082ba93]" started-at="2025-08-26T20:58:44 IST" name="testCase03_2_alertConfirmationDialog" finished-at="2025-08-26T20:58:44 IST" duration-ms="76" status="PASS">
          <reporter-output>
          </reporter-output>
        </test-method> <!-- testCase03_2_alertConfirmationDialog -->
        <test-method is-config="true" signature="closeBrowser()[pri:0, instance:com.siva.leafGround.Tests.AlertPageTest@4082ba93]" started-at="2025-08-26T20:58:44 IST" name="closeBrowser" finished-at="2025-08-26T20:58:44 IST" duration-ms="505" status="PASS">
          <reporter-output>
          </reporter-output>
        </test-method> <!-- closeBrowser -->
      </class> <!-- com.siva.leafGround.Tests.AlertPageTest -->
    </test> <!-- test_AlertPage -->
  </suite> <!-- testSuite_AlertPage -->
</testng-results>
