<?xml version="1.0" encoding="UTF-8"?>
<testng-results ignored="0" total="7" passed="7" failed="0" skipped="0">
  <reporter-output>
  </reporter-output>
  <suite started-at="2025-10-25T16:06:34 IST" name="testSuite_AlertPage" finished-at="2025-10-25T16:06:40 IST" duration-ms="5423">
    <groups>
    </groups>
    <test started-at="2025-10-25T16:06:34 IST" name="test_AlertPage" finished-at="2025-10-25T16:06:40 IST" duration-ms="5423">
      <class name="com.siva.leafGround.Tests.AlertPageTest">
        <test-method is-config="true" signature="navigateToAlertPage()[pri:0, instance:com.siva.leafGround.Tests.AlertPageTest@2a693f59]" started-at="2025-10-25T16:06:34 IST" name="navigateToAlertPage" finished-at="2025-10-25T16:06:38 IST" duration-ms="3880" status="PASS">
          <reporter-output>
          </reporter-output>
        </test-method> <!-- navigateToAlertPage -->
        <test-method is-config="true" signature="initElements()[pri:0, instance:com.siva.leafGround.Tests.AlertPageTest@2a693f59]" started-at="2025-10-25T16:06:38 IST" name="initElements" finished-at="2025-10-25T16:06:38 IST" duration-ms="43" status="PASS">
          <reporter-output>
          </reporter-output>
        </test-method> <!-- initElements -->
        <test-method signature="testCase01_1_alertSimpleDialog()[pri:0, instance:com.siva.leafGround.Tests.AlertPageTest@2a693f59]" started-at="2025-10-25T16:06:38 IST" name="testCase01_1_alertSimpleDialog" finished-at="2025-10-25T16:06:39 IST" duration-ms="167" status="PASS">
          <reporter-output>
          </reporter-output>
        </test-method> <!-- testCase01_1_alertSimpleDialog -->
        <test-method is-config="true" signature="initElements()[pri:0, instance:com.siva.leafGround.Tests.AlertPageTest@2a693f59]" started-at="2025-10-25T16:06:39 IST" name="initElements" finished-at="2025-10-25T16:06:39 IST" duration-ms="3" status="PASS">
          <reporter-output>
          </reporter-output>
        </test-method> <!-- initElements -->
        <test-method signature="testCase01_2_alertSimpleDialog()[pri:1, instance:com.siva.leafGround.Tests.AlertPageTest@2a693f59]" started-at="2025-10-25T16:06:39 IST" name="testCase01_2_alertSimpleDialog" finished-at="2025-10-25T16:06:39 IST" duration-ms="99" status="PASS">
          <reporter-output>
          </reporter-output>
        </test-method> <!-- testCase01_2_alertSimpleDialog -->
        <test-method is-config="true" signature="initElements()[pri:0, instance:com.siva.leafGround.Tests.AlertPageTest@2a693f59]" started-at="2025-10-25T16:06:39 IST" name="initElements" finished-at="2025-10-25T16:06:39 IST" duration-ms="1" status="PASS">
          <reporter-output>
          </reporter-output>
        </test-method> <!-- initElements -->
        <test-method signature="testCase01_3_alertSimpleDialog()[pri:2, instance:com.siva.leafGround.Tests.AlertPageTest@2a693f59]" started-at="2025-10-25T16:06:39 IST" name="testCase01_3_alertSimpleDialog" finished-at="2025-10-25T16:06:39 IST" duration-ms="96" status="PASS">
          <reporter-output>
          </reporter-output>
        </test-method> <!-- testCase01_3_alertSimpleDialog -->
        <test-method is-config="true" signature="initElements()[pri:0, instance:com.siva.leafGround.Tests.AlertPageTest@2a693f59]" started-at="2025-10-25T16:06:39 IST" name="initElements" finished-at="2025-10-25T16:06:39 IST" duration-ms="1" status="PASS">
          <reporter-output>
          </reporter-output>
        </test-method> <!-- initElements -->
        <test-method signature="testCase02_1_alertPromptDialog()[pri:3, instance:com.siva.leafGround.Tests.AlertPageTest@2a693f59]" started-at="2025-10-25T16:06:39 IST" name="testCase02_1_alertPromptDialog" finished-at="2025-10-25T16:06:39 IST" duration-ms="141" status="PASS">
          <reporter-output>
          </reporter-output>
        </test-method> <!-- testCase02_1_alertPromptDialog -->
        <test-method is-config="true" signature="initElements()[pri:0, instance:com.siva.leafGround.Tests.AlertPageTest@2a693f59]" started-at="2025-10-25T16:06:39 IST" name="initElements" finished-at="2025-10-25T16:06:39 IST" duration-ms="2" status="PASS">
          <reporter-output>
          </reporter-output>
        </test-method> <!-- initElements -->
        <test-method signature="testCase02_2_alertPromptDialog()[pri:4, instance:com.siva.leafGround.Tests.AlertPageTest@2a693f59]" started-at="2025-10-25T16:06:39 IST" name="testCase02_2_alertPromptDialog" finished-at="2025-10-25T16:06:39 IST" duration-ms="156" status="PASS">
          <reporter-output>
          </reporter-output>
        </test-method> <!-- testCase02_2_alertPromptDialog -->
        <test-method is-config="true" signature="initElements()[pri:0, instance:com.siva.leafGround.Tests.AlertPageTest@2a693f59]" started-at="2025-10-25T16:06:39 IST" name="initElements" finished-at="2025-10-25T16:06:39 IST" duration-ms="2" status="PASS">
          <reporter-output>
          </reporter-output>
        </test-method> <!-- initElements -->
        <test-method signature="testCase03_1_alertConfirmationDialog()[pri:5, instance:com.siva.leafGround.Tests.AlertPageTest@2a693f59]" started-at="2025-10-25T16:06:39 IST" name="testCase03_1_alertConfirmationDialog" finished-at="2025-10-25T16:06:39 IST" duration-ms="95" status="PASS">
          <reporter-output>
          </reporter-output>
        </test-method> <!-- testCase03_1_alertConfirmationDialog -->
        <test-method is-config="true" signature="initElements()[pri:0, instance:com.siva.leafGround.Tests.AlertPageTest@2a693f59]" started-at="2025-10-25T16:06:39 IST" name="initElements" finished-at="2025-10-25T16:06:39 IST" duration-ms="1" status="PASS">
          <reporter-output>
          </reporter-output>
        </test-method> <!-- initElements -->
        <test-method signature="testCase03_2_alertConfirmationDialog()[pri:6, instance:com.siva.leafGround.Tests.AlertPageTest@2a693f59]" started-at="2025-10-25T16:06:39 IST" name="testCase03_2_alertConfirmationDialog" finished-at="2025-10-25T16:06:39 IST" duration-ms="117" status="PASS">
          <reporter-output>
          </reporter-output>
        </test-method> <!-- testCase03_2_alertConfirmationDialog -->
        <test-method is-config="true" signature="closeBrowser()[pri:0, instance:com.siva.leafGround.Tests.AlertPageTest@2a693f59]" started-at="2025-10-25T16:06:39 IST" name="closeBrowser" finished-at="2025-10-25T16:06:40 IST" duration-ms="551" status="PASS">
          <reporter-output>
          </reporter-output>
        </test-method> <!-- closeBrowser -->
      </class> <!-- com.siva.leafGround.Tests.AlertPageTest -->
    </test> <!-- test_AlertPage -->
  </suite> <!-- testSuite_AlertPage -->
</testng-results>
