<?xml version="1.0" encoding="UTF-8"?>
<!-- Generated by org.testng.reporters.JUnitXMLReporter -->
<testsuite ignored="0" hostname="LAPTOP-JHP6OGIG" failures="0" tests="7" name="Default test" time="45.726" errors="0" timestamp="2025-08-26T20:50:17 IST">
  <testcase classname="com.siva.leafGround.Tests.AlertPageTest" name="@BeforeTest navigateToAlertPage" time="28.302">
    <failure type="java.lang.NullPointerException">
      <![CDATA[java.lang.NullPointerException
at java.base/java.util.concurrent.ConcurrentHashMap.putVal(ConcurrentHashMap.java:1011)
at java.base/java.util.concurrent.ConcurrentHashMap.put(ConcurrentHashMap.java:1006)
at java.base/java.util.Properties.put(Properties.java:1346)
at java.base/java.util.Properties.setProperty(Properties.java:230)
at java.base/java.lang.System.setProperty(System.java:1056)
at com.siva.leafGround.Utilities.InitializeBrowser.edgeBrowser(InitializeBrowser.java:46)
at com.siva.leafGround.Utilities.InitializeBrowser.configRead(InitializeBrowser.java:27)
at com.siva.leafGround.Tests.AlertPageTest.navigateToAlertPage(AlertPageTest.java:62)
at java.base/jdk.internal.reflect.DirectMethodHandleAccessor.invoke(DirectMethodHandleAccessor.java:103)
at java.base/java.lang.reflect.Method.invoke(Method.java:580)
at org.testng.internal.invokers.MethodInvocationHelper.invokeMethod(MethodInvocationHelper.java:141)
at org.testng.internal.invokers.MethodInvocationHelper.invokeMethodConsideringTimeout(MethodInvocationHelper.java:71)
at org.testng.internal.invokers.ConfigInvoker.invokeConfigurationMethod(ConfigInvoker.java:400)
at org.testng.internal.invokers.ConfigInvoker.invokeConfigurations(ConfigInvoker.java:333)
at org.testng.TestRunner.invokeTestConfigurations(TestRunner.java:657)
at org.testng.TestRunner.beforeRun(TestRunner.java:646)
at org.testng.TestRunner.run(TestRunner.java:612)
at org.testng.SuiteRunner.runTest(SuiteRunner.java:421)
at org.testng.SuiteRunner.runSequentially(SuiteRunner.java:413)
at org.testng.SuiteRunner.privateRun(SuiteRunner.java:373)
at org.testng.SuiteRunner.run(SuiteRunner.java:312)
at org.testng.SuiteRunnerWorker.runSuite(SuiteRunnerWorker.java:52)
at org.testng.SuiteRunnerWorker.run(SuiteRunnerWorker.java:95)
at org.testng.TestNG.runSuitesSequentially(TestNG.java:1274)
at org.testng.TestNG.runSuitesLocally(TestNG.java:1208)
at org.testng.TestNG.runSuites(TestNG.java:1112)
at org.testng.TestNG.run(TestNG.java:1079)
at org.testng.remote.AbstractRemoteTestNG.run(AbstractRemoteTestNG.java:115)
at org.testng.remote.RemoteTestNG.initAndRun(RemoteTestNG.java:293)
at org.testng.remote.RemoteTestNG.main(RemoteTestNG.java:91)
]]>
    </failure>
  </testcase> <!-- @BeforeTest navigateToAlertPage -->
  <testcase classname="com.siva.leafGround.Tests.AlertPageTest" name="@BeforeMethod initElements" time="0.0">
    <skipped/>
  </testcase> <!-- @BeforeMethod initElements -->
  <testcase classname="com.siva.leafGround.Tests.AlertPageTest" name="@BeforeMethod initElements" time="0.0">
    <skipped/>
  </testcase> <!-- @BeforeMethod initElements -->
  <testcase classname="com.siva.leafGround.Tests.AlertPageTest" name="@BeforeMethod initElements" time="0.0">
    <skipped/>
  </testcase> <!-- @BeforeMethod initElements -->
  <testcase classname="com.siva.leafGround.Tests.AlertPageTest" name="@BeforeMethod initElements" time="0.0">
    <skipped/>
  </testcase> <!-- @BeforeMethod initElements -->
  <testcase classname="com.siva.leafGround.Tests.AlertPageTest" name="@BeforeMethod initElements" time="0.0">
    <skipped/>
  </testcase> <!-- @BeforeMethod initElements -->
  <testcase classname="com.siva.leafGround.Tests.AlertPageTest" name="@BeforeMethod initElements" time="0.0">
    <skipped/>
  </testcase> <!-- @BeforeMethod initElements -->
  <testcase classname="com.siva.leafGround.Tests.AlertPageTest" name="@BeforeMethod initElements" time="0.0">
    <skipped/>
  </testcase> <!-- @BeforeMethod initElements -->
  <testcase classname="com.siva.leafGround.Tests.AlertPageTest" name="@AfterTest closeBrowser" time="0.0">
    <skipped/>
  </testcase> <!-- @AfterTest closeBrowser -->
  <testcase classname="com.siva.leafGround.Tests.AlertPageTest" name="testCase01_1_alertSimpleDialog" time="0.006">
    <skipped/>
  </testcase> <!-- testCase01_1_alertSimpleDialog -->
  <testcase classname="com.siva.leafGround.Tests.AlertPageTest" name="testCase01_2_alertSimpleDialog" time="0.005">
    <skipped/>
  </testcase> <!-- testCase01_2_alertSimpleDialog -->
  <testcase classname="com.siva.leafGround.Tests.AlertPageTest" name="testCase01_3_alertSimpleDialog" time="0.005">
    <skipped/>
  </testcase> <!-- testCase01_3_alertSimpleDialog -->
  <testcase classname="com.siva.leafGround.Tests.AlertPageTest" name="testCase02_1_alertPromptDialog" time="0.005">
    <skipped/>
  </testcase> <!-- testCase02_1_alertPromptDialog -->
  <testcase classname="com.siva.leafGround.Tests.AlertPageTest" name="testCase02_2_alertPromptDialog" time="0.004">
    <skipped/>
  </testcase> <!-- testCase02_2_alertPromptDialog -->
  <testcase classname="com.siva.leafGround.Tests.AlertPageTest" name="testCase03_1_alertConfirmationDialog" time="0.005">
    <skipped/>
  </testcase> <!-- testCase03_1_alertConfirmationDialog -->
  <testcase classname="com.siva.leafGround.Tests.AlertPageTest" name="testCase03_2_alertConfirmationDialog" time="0.006">
    <skipped/>
  </testcase> <!-- testCase03_2_alertConfirmationDialog -->
</testsuite> <!-- Default test -->
