<?xml version="1.0" encoding="UTF-8"?>
<!-- Generated by org.testng.reporters.JUnitXMLReporter -->
<testsuite ignored="0" hostname="LAPTOP-JHP6OGIG" failures="0" tests="7" name="test_AlertPage" time="4.637" errors="0" timestamp="2025-08-26T20:58:44 IST">
  <testcase classname="com.siva.leafGround.Tests.AlertPageTest" name="testCase01_1_alertSimpleDialog" time="0.12"/>
  <testcase classname="com.siva.leafGround.Tests.AlertPageTest" name="testCase01_2_alertSimpleDialog" time="0.098"/>
  <testcase classname="com.siva.leafGround.Tests.AlertPageTest" name="testCase01_3_alertSimpleDialog" time="0.076"/>
  <testcase classname="com.siva.leafGround.Tests.AlertPageTest" name="testCase02_1_alertPromptDialog" time="0.103"/>
  <testcase classname="com.siva.leafGround.Tests.AlertPageTest" name="testCase02_2_alertPromptDialog" time="0.124"/>
  <testcase classname="com.siva.leafGround.Tests.AlertPageTest" name="testCase03_1_alertConfirmationDialog" time="0.089"/>
  <testcase classname="com.siva.leafGround.Tests.AlertPageTest" name="testCase03_2_alertConfirmationDialog" time="0.076"/>
</testsuite> <!-- test_AlertPage -->
